[debug] [2023-10-17T12:55:58.846Z] ----------------------------------------------------------------------
[debug] [2023-10-17T12:55:58.849Z] Command:       C:\Program Files\nodejs\node.exe C:\Users\Alex\AppData\Roaming\npm\node_modules\firebase-tools\lib\bin\firebase.js emulators:start --only functions
[debug] [2023-10-17T12:55:58.849Z] CLI Version:   12.7.0
[debug] [2023-10-17T12:55:58.850Z] Platform:      win32
[debug] [2023-10-17T12:55:58.850Z] Node Version:  v18.16.1
[debug] [2023-10-17T12:55:58.851Z] Time:          Tue Oct 17 2023 14:55:58 GMT+0200 (közép-európai nyári idő)
[debug] [2023-10-17T12:55:58.852Z] ----------------------------------------------------------------------
[debug] 
[debug] [2023-10-17T12:55:58.979Z] > command requires scopes: ["email","openid","https://www.googleapis.com/auth/cloudplatformprojects.readonly","https://www.googleapis.com/auth/firebase","https://www.googleapis.com/auth/cloud-platform"]
[debug] [2023-10-17T12:55:58.980Z] > authorizing via signed-in user (szolnoki.alex699@gmail.com)
[info] i  emulators: Starting emulators: functions {"metadata":{"emulator":{"name":"hub"},"message":"Starting emulators: functions"}}
[debug] [2023-10-17T12:55:58.995Z] [logging] Logging Emulator only supports listening on one address (127.0.0.1). Not listening on ::1
[debug] [2023-10-17T12:55:58.996Z] assigned listening specs for emulators {"user":{"hub":[{"address":"127.0.0.1","family":"IPv4","port":4400},{"address":"::1","family":"IPv6","port":4400}],"ui":[{"address":"127.0.0.1","family":"IPv4","port":4000},{"address":"::1","family":"IPv6","port":4000}],"logging":[{"address":"127.0.0.1","family":"IPv4","port":4500}]},"metadata":{"message":"assigned listening specs for emulators"}}
[debug] [2023-10-17T12:55:59.009Z] [hub] writing locator at C:\Users\Alex\AppData\Local\Temp\hub-cooplearn-auth.json
[debug] [2023-10-17T12:55:59.030Z] [functions] Functions Emulator only supports listening on one address (127.0.0.1). Not listening on ::1
[debug] [2023-10-17T12:55:59.030Z] [eventarc] Eventarc Emulator only supports listening on one address (127.0.0.1). Not listening on ::1
[debug] [2023-10-17T12:55:59.030Z] late-assigned ports for functions and eventarc emulators {"user":{"hub":[{"address":"127.0.0.1","family":"IPv4","port":4400},{"address":"::1","family":"IPv6","port":4400}],"ui":[{"address":"127.0.0.1","family":"IPv4","port":4000},{"address":"::1","family":"IPv6","port":4000}],"logging":[{"address":"127.0.0.1","family":"IPv4","port":4500}],"functions":[{"address":"127.0.0.1","family":"IPv4","port":5001}],"eventarc":[{"address":"127.0.0.1","family":"IPv4","port":9299}]},"metadata":{"message":"late-assigned ports for functions and eventarc emulators"}}
[warn] !  functions: The following emulators are not running, calls to these services from the Functions emulator will affect production: auth, firestore, database, hosting, pubsub, storage {"metadata":{"emulator":{"name":"functions"},"message":"The following emulators are not running, calls to these services from the Functions emulator will affect production: \u001b[1mauth, firestore, database, hosting, pubsub, storage\u001b[22m"}}
[debug] [2023-10-17T12:55:59.033Z] defaultcredentials: writing to file C:\Users\Alex\AppData\Roaming\firebase\szolnoki_alex699_gmail.com_application_default_credentials.json
[debug] [2023-10-17T12:55:59.035Z] Setting GAC to C:\Users\Alex\AppData\Roaming\firebase\szolnoki_alex699_gmail.com_application_default_credentials.json {"metadata":{"emulator":{"name":"functions"},"message":"Setting GAC to C:\\Users\\Alex\\AppData\\Roaming\\firebase\\szolnoki_alex699_gmail.com_application_default_credentials.json"}}
[debug] [2023-10-17T12:55:59.038Z] >>> [apiv2][query] GET https://firebase.googleapis.com/v1beta1/projects/cooplearn-auth/adminSdkConfig [none]
[debug] [2023-10-17T12:55:59.479Z] <<< [apiv2][status] GET https://firebase.googleapis.com/v1beta1/projects/cooplearn-auth/adminSdkConfig 200
[debug] [2023-10-17T12:55:59.479Z] <<< [apiv2][body] GET https://firebase.googleapis.com/v1beta1/projects/cooplearn-auth/adminSdkConfig {"projectId":"cooplearn-auth","storageBucket":"cooplearn-auth.appspot.com"}
[debug] [2023-10-17T12:55:59.493Z] Ignoring unsupported arg: auto_download {"metadata":{"emulator":{"name":"ui"},"message":"Ignoring unsupported arg: auto_download"}}
[debug] [2023-10-17T12:55:59.494Z] Ignoring unsupported arg: port {"metadata":{"emulator":{"name":"ui"},"message":"Ignoring unsupported arg: port"}}
[debug] [2023-10-17T12:55:59.494Z] Starting Emulator UI with command {"binary":"node","args":["C:\\Users\\Alex\\.cache\\firebase\\emulators\\ui-v1.11.7\\server\\server.js"],"optionalArgs":[],"joinArgs":false} {"metadata":{"emulator":{"name":"ui"},"message":"Starting Emulator UI with command {\"binary\":\"node\",\"args\":[\"C:\\\\Users\\\\Alex\\\\.cache\\\\firebase\\\\emulators\\\\ui-v1.11.7\\\\server\\\\server.js\"],\"optionalArgs\":[],\"joinArgs\":false}"}}
[info] i  ui: Emulator UI logging to ui-debug.log {"metadata":{"emulator":{"name":"ui"},"message":"Emulator UI logging to \u001b[1mui-debug.log\u001b[22m"}}
[debug] [2023-10-17T12:55:59.662Z] Web / API server started at 127.0.0.1:4000
 {"metadata":{"emulator":{"name":"ui"},"message":"Web / API server started at 127.0.0.1:4000\n"}}
[debug] [2023-10-17T12:55:59.663Z] Web / API server started at ::1:4000
 {"metadata":{"emulator":{"name":"ui"},"message":"Web / API server started at ::1:4000\n"}}
[info] i  functions: Watching "F:\Codes\Git-Hub\SzakDoga\cooplearn\functions" for Cloud Functions... {"metadata":{"emulator":{"name":"functions"},"message":"Watching \"F:\\Codes\\Git-Hub\\SzakDoga\\cooplearn\\functions\" for Cloud Functions..."}}
[debug] [2023-10-17T12:55:59.777Z] Validating nodejs source
[debug] [2023-10-17T12:56:01.900Z] > [functions] package.json contents: {
  "name": "functions",
  "scripts": {
    "build": "tsc",
    "build:watch": "tsc --watch",
    "serve": "npm run build && firebase emulators:start --only functions",
    "shell": "npm run build && firebase functions:shell",
    "start": "npm run shell",
    "deploy": "firebase deploy --only functions",
    "logs": "firebase functions:log"
  },
  "engines": {
    "node": "18"
  },
  "main": "lib/index.js",
  "dependencies": {
    "firebase-admin": "^11.8.0",
    "firebase-functions": "^4.3.1"
  },
  "devDependencies": {
    "typescript": "^4.9.0",
    "firebase-functions-test": "^3.1.0"
  },
  "private": true
}
[debug] [2023-10-17T12:56:01.901Z] Building nodejs source
[debug] [2023-10-17T12:56:01.901Z] Failed to find version of module node: reached end of search path F:\Codes\Git-Hub\SzakDoga\cooplearn\functions\node_modules
[info] +  functions: Using node@18 from host. 
[debug] [2023-10-17T12:56:01.903Z] Could not find functions.yaml. Must use http discovery
[debug] [2023-10-17T12:56:01.911Z] Found firebase-functions binary at 'F:\Codes\Git-Hub\SzakDoga\cooplearn\functions\node_modules\.bin\firebase-functions'
[info] Serving at port 8278

[debug] [2023-10-17T12:56:02.535Z] Got response from /__/functions.yaml {"endpoints":{"app":{"platform":"gcfv1","availableMemoryMb":null,"timeoutSeconds":null,"minInstances":null,"maxInstances":null,"ingressSettings":null,"serviceAccountEmail":null,"vpc":null,"httpsTrigger":{},"entryPoint":"app"}},"specVersion":"v1alpha1","requiredAPIs":[]}
[info] shutdown requested via /__/quitquitquit

[info] +  functions: Loaded functions definitions from source: app. {"metadata":{"emulator":{"name":"functions"},"message":"Loaded functions definitions from source: app."}}
[info] +  functions[us-central1-app]: http function initialized (http://127.0.0.1:5001/cooplearn-auth/us-central1/app). {"metadata":{"emulator":{"name":"functions"},"message":"\u001b[1mhttp\u001b[22m function initialized (http://127.0.0.1:5001/cooplearn-auth/us-central1/app)."}}
[info] 
┌─────────────────────────────────────────────────────────────┐
│ ✔  All emulators ready! It is now safe to connect your app. │
│ i  View Emulator UI at http://127.0.0.1:4000/               │
└─────────────────────────────────────────────────────────────┘

┌───────────┬────────────────┬─────────────────────────────────┐
│ Emulator  │ Host:Port      │ View in Emulator UI             │
├───────────┼────────────────┼─────────────────────────────────┤
│ Functions │ 127.0.0.1:5001 │ http://127.0.0.1:4000/functions │
└───────────┴────────────────┴─────────────────────────────────┘
  Emulator Hub running at 127.0.0.1:4400
  Other reserved ports: 4500

Issues? Report them at https://github.com/firebase/firebase-tools/issues and attach the *-debug.log files.
 
[debug] [2023-10-17T12:56:51.221Z] [work-queue] {"queuedWork":["/cooplearn-auth/us-central1/app/hello-2023-10-17T12:56:51.221Z"],"queueLength":1,"runningWork":[],"workRunningCount":0}
[debug] [2023-10-17T12:56:51.221Z] [work-queue] {"queuedWork":[],"queueLength":0,"runningWork":["/cooplearn-auth/us-central1/app/hello-2023-10-17T12:56:51.221Z"],"workRunningCount":1}
[debug] [2023-10-17T12:56:51.222Z] Accepted request GET /cooplearn-auth/us-central1/app/hello --> us-central1-app
[debug] [2023-10-17T12:56:51.223Z] [functions] Runtime ready! Sending request! {"metadata":{"emulator":{"name":"functions"},"message":"[functions] Runtime ready! Sending request!"}}
[debug] [2023-10-17T12:56:51.224Z] [functions] Got req.url=/cooplearn-auth/us-central1/app/hello, mapping to path=/hello {"metadata":{"emulator":{"name":"functions"},"message":"[functions] Got req.url=/cooplearn-auth/us-central1/app/hello, mapping to path=/hello"}}
[debug] [2023-10-17T12:56:51.235Z] [worker-pool] addWorker(us-central1-app) {"metadata":{"emulator":{"name":"functions"},"message":"[worker-pool] addWorker(us-central1-app)"}}
[debug] [2023-10-17T12:56:51.236Z] [worker-pool] Adding worker with key us-central1-app, total=1 {"metadata":{"emulator":{"name":"functions"},"message":"[worker-pool] Adding worker with key us-central1-app, total=1"}}
[debug] [2023-10-17T12:56:52.823Z] [runtime-status] [12588] Resolved module firebase-admin {"declared":true,"installed":true,"version":"11.11.0","resolution":"F:\\Codes\\Git-Hub\\SzakDoga\\cooplearn\\functions\\node_modules\\firebase-admin\\lib\\index.js"} {"metadata":{"emulator":{"name":"functions"},"function":{"name":"us-central1-app"},"extension":{},"message":"[runtime-status] [12588] Resolved module firebase-admin {\"declared\":true,\"installed\":true,\"version\":\"11.11.0\",\"resolution\":\"F:\\\\Codes\\\\Git-Hub\\\\SzakDoga\\\\cooplearn\\\\functions\\\\node_modules\\\\firebase-admin\\\\lib\\\\index.js\"}"}}
[debug] [2023-10-17T12:56:52.825Z] [runtime-status] [12588] Resolved module firebase-functions {"declared":true,"installed":true,"version":"4.4.1","resolution":"F:\\Codes\\Git-Hub\\SzakDoga\\cooplearn\\functions\\node_modules\\firebase-functions\\lib\\v1\\index.js"} {"metadata":{"emulator":{"name":"functions"},"function":{"name":"us-central1-app"},"extension":{},"message":"[runtime-status] [12588] Resolved module firebase-functions {\"declared\":true,\"installed\":true,\"version\":\"4.4.1\",\"resolution\":\"F:\\\\Codes\\\\Git-Hub\\\\SzakDoga\\\\cooplearn\\\\functions\\\\node_modules\\\\firebase-functions\\\\lib\\\\v1\\\\index.js\"}"}}
[debug] [2023-10-17T12:56:52.825Z] [runtime-status] [12588] Outgoing network have been stubbed. [{"name":"http","status":"mocked"},{"name":"http","status":"mocked"},{"name":"https","status":"mocked"},{"name":"https","status":"mocked"},{"name":"net","status":"mocked"}] {"metadata":{"emulator":{"name":"functions"},"function":{"name":"us-central1-app"},"extension":{},"message":"[runtime-status] [12588] Outgoing network have been stubbed. [{\"name\":\"http\",\"status\":\"mocked\"},{\"name\":\"http\",\"status\":\"mocked\"},{\"name\":\"https\",\"status\":\"mocked\"},{\"name\":\"https\",\"status\":\"mocked\"},{\"name\":\"net\",\"status\":\"mocked\"}]"}}
[debug] [2023-10-17T12:56:52.827Z] [runtime-status] [12588] Resolved module firebase-functions {"declared":true,"installed":true,"version":"4.4.1","resolution":"F:\\Codes\\Git-Hub\\SzakDoga\\cooplearn\\functions\\node_modules\\firebase-functions\\lib\\v1\\index.js"} {"metadata":{"emulator":{"name":"functions"},"function":{"name":"us-central1-app"},"extension":{},"message":"[runtime-status] [12588] Resolved module firebase-functions {\"declared\":true,\"installed\":true,\"version\":\"4.4.1\",\"resolution\":\"F:\\\\Codes\\\\Git-Hub\\\\SzakDoga\\\\cooplearn\\\\functions\\\\node_modules\\\\firebase-functions\\\\lib\\\\v1\\\\index.js\"}"}}
[debug] [2023-10-17T12:56:53.116Z] [runtime-status] [12588] Checked functions.config() {"config":{}} {"metadata":{"emulator":{"name":"functions"},"function":{"name":"us-central1-app"},"extension":{},"message":"[runtime-status] [12588] Checked functions.config() {\"config\":{}}"}}
[debug] [2023-10-17T12:56:53.116Z] [runtime-status] [12588] firebase-functions has been stubbed. {"functionsResolution":{"declared":true,"installed":true,"version":"4.4.1","resolution":"F:\\Codes\\Git-Hub\\SzakDoga\\cooplearn\\functions\\node_modules\\firebase-functions\\lib\\v1\\index.js"}} {"metadata":{"emulator":{"name":"functions"},"function":{"name":"us-central1-app"},"extension":{},"message":"[runtime-status] [12588] firebase-functions has been stubbed. {\"functionsResolution\":{\"declared\":true,\"installed\":true,\"version\":\"4.4.1\",\"resolution\":\"F:\\\\Codes\\\\Git-Hub\\\\SzakDoga\\\\cooplearn\\\\functions\\\\node_modules\\\\firebase-functions\\\\lib\\\\v1\\\\index.js\"}}"}}
[debug] [2023-10-17T12:56:53.117Z] [runtime-status] [12588] Resolved module firebase-functions {"declared":true,"installed":true,"version":"4.4.1","resolution":"F:\\Codes\\Git-Hub\\SzakDoga\\cooplearn\\functions\\node_modules\\firebase-functions\\lib\\v1\\index.js"} {"metadata":{"emulator":{"name":"functions"},"function":{"name":"us-central1-app"},"extension":{},"message":"[runtime-status] [12588] Resolved module firebase-functions {\"declared\":true,\"installed\":true,\"version\":\"4.4.1\",\"resolution\":\"F:\\\\Codes\\\\Git-Hub\\\\SzakDoga\\\\cooplearn\\\\functions\\\\node_modules\\\\firebase-functions\\\\lib\\\\v1\\\\index.js\"}"}}
[debug] [2023-10-17T12:56:53.118Z] [runtime-status] [12588] Resolved module firebase-admin {"declared":true,"installed":true,"version":"11.11.0","resolution":"F:\\Codes\\Git-Hub\\SzakDoga\\cooplearn\\functions\\node_modules\\firebase-admin\\lib\\index.js"} {"metadata":{"emulator":{"name":"functions"},"function":{"name":"us-central1-app"},"extension":{},"message":"[runtime-status] [12588] Resolved module firebase-admin {\"declared\":true,\"installed\":true,\"version\":\"11.11.0\",\"resolution\":\"F:\\\\Codes\\\\Git-Hub\\\\SzakDoga\\\\cooplearn\\\\functions\\\\node_modules\\\\firebase-admin\\\\lib\\\\index.js\"}"}}
[debug] [2023-10-17T12:56:53.121Z] [runtime-status] [12588] Resolved module firebase-functions {"declared":true,"installed":true,"version":"4.4.1","resolution":"F:\\Codes\\Git-Hub\\SzakDoga\\cooplearn\\functions\\node_modules\\firebase-functions\\lib\\v1\\index.js"} {"metadata":{"emulator":{"name":"functions"},"function":{"name":"us-central1-app"},"extension":{},"message":"[runtime-status] [12588] Resolved module firebase-functions {\"declared\":true,\"installed\":true,\"version\":\"4.4.1\",\"resolution\":\"F:\\\\Codes\\\\Git-Hub\\\\SzakDoga\\\\cooplearn\\\\functions\\\\node_modules\\\\firebase-functions\\\\lib\\\\v1\\\\index.js\"}"}}
[debug] [2023-10-17T12:56:53.122Z] [runtime-status] [12588] firebase-admin has been stubbed. {"adminResolution":{"declared":true,"installed":true,"version":"11.11.0","resolution":"F:\\Codes\\Git-Hub\\SzakDoga\\cooplearn\\functions\\node_modules\\firebase-admin\\lib\\index.js"}} {"metadata":{"emulator":{"name":"functions"},"function":{"name":"us-central1-app"},"extension":{},"message":"[runtime-status] [12588] firebase-admin has been stubbed. {\"adminResolution\":{\"declared\":true,\"installed\":true,\"version\":\"11.11.0\",\"resolution\":\"F:\\\\Codes\\\\Git-Hub\\\\SzakDoga\\\\cooplearn\\\\functions\\\\node_modules\\\\firebase-admin\\\\lib\\\\index.js\"}}"}}
[debug] [2023-10-17T12:56:53.253Z] [runtime-status] [12588] Functions runtime initialized. {"cwd":"F:\\Codes\\Git-Hub\\SzakDoga\\cooplearn\\functions","node_version":"18.16.1"} {"metadata":{"emulator":{"name":"functions"},"function":{"name":"us-central1-app"},"extension":{},"message":"[runtime-status] [12588] Functions runtime initialized. {\"cwd\":\"F:\\\\Codes\\\\Git-Hub\\\\SzakDoga\\\\cooplearn\\\\functions\",\"node_version\":\"18.16.1\"}"}}
[debug] [2023-10-17T12:56:53.253Z] [runtime-status] [12588] Listening to port: \\?\pipe\fire_emu_5711adfa4949c48e {"metadata":{"emulator":{"name":"functions"},"function":{"name":"us-central1-app"},"extension":{},"message":"[runtime-status] [12588] Listening to port: \\\\?\\pipe\\fire_emu_5711adfa4949c48e"}}
[debug] [2023-10-17T12:56:53.311Z] [worker-us-central1-app-a750b63a-9ebe-4975-b517-558aeda3ef45]: IDLE {"metadata":{"emulator":{"name":"functions"},"function":{"name":"us-central1-app"},"extension":{},"message":"[worker-us-central1-app-a750b63a-9ebe-4975-b517-558aeda3ef45]: IDLE"}}
[debug] [2023-10-17T12:56:53.312Z] [worker-pool] submitRequest(triggerId=us-central1-app) {"metadata":{"emulator":{"name":"functions"},"message":"[worker-pool] submitRequest(triggerId=us-central1-app)"}}
[info] i  functions: Beginning execution of "us-central1-app" {"metadata":{"emulator":{"name":"functions"},"function":{"name":"us-central1-app"},"extension":{},"message":"Beginning execution of \"us-central1-app\""}}
[debug] [2023-10-17T12:56:53.313Z] [worker-us-central1-app-a750b63a-9ebe-4975-b517-558aeda3ef45]: BUSY {"metadata":{"emulator":{"name":"functions"},"function":{"name":"us-central1-app"},"extension":{},"message":"[worker-us-central1-app-a750b63a-9ebe-4975-b517-558aeda3ef45]: BUSY"}}
[debug] [2023-10-17T12:56:53.321Z] Finishing up request with event=pause {"metadata":{"emulator":{"name":"functions"},"function":{"name":"us-central1-app"},"extension":{},"message":"Finishing up request with event=pause"}}
[info] i  functions: Finished "us-central1-app" in 8.4707ms {"metadata":{"emulator":{"name":"functions"},"function":{"name":"us-central1-app"},"extension":{},"message":"Finished \"us-central1-app\" in 8.4707ms"}}
[debug] [2023-10-17T12:56:53.322Z] [worker-us-central1-app-a750b63a-9ebe-4975-b517-558aeda3ef45]: IDLE {"metadata":{"emulator":{"name":"functions"},"function":{"name":"us-central1-app"},"extension":{},"message":"[worker-us-central1-app-a750b63a-9ebe-4975-b517-558aeda3ef45]: IDLE"}}
[debug] [2023-10-17T12:56:53.322Z] Finishing up request with event=finish {"metadata":{"emulator":{"name":"functions"},"function":{"name":"us-central1-app"},"extension":{},"message":"Finishing up request with event=finish"}}
[debug] [2023-10-17T12:56:53.322Z] Finishing up request with event=close {"metadata":{"emulator":{"name":"functions"},"function":{"name":"us-central1-app"},"extension":{},"message":"Finishing up request with event=close"}}
[debug] [2023-10-17T12:56:53.323Z] [work-queue] {"queuedWork":[],"queueLength":0,"runningWork":[],"workRunningCount":0}
[debug] [2023-10-17T12:56:54.238Z] Functions emulator received unknown request at path /favicon.ico
[debug] [2023-10-17T13:01:30.635Z] File F:\Codes\Git-Hub\SzakDoga\cooplearn\functions\src\index.ts changed, reloading triggers {"metadata":{"emulator":{"name":"functions"},"message":"File F:\\Codes\\Git-Hub\\SzakDoga\\cooplearn\\functions\\src\\index.ts changed, reloading triggers"}}
[debug] [2023-10-17T13:01:31.648Z] Validating nodejs source
[debug] [2023-10-17T13:01:33.921Z] > [functions] package.json contents: {
  "name": "functions",
  "scripts": {
    "build": "tsc",
    "build:watch": "tsc --watch",
    "serve": "npm run build && firebase emulators:start --only functions",
    "shell": "npm run build && firebase functions:shell",
    "start": "npm run shell",
    "deploy": "firebase deploy --only functions",
    "logs": "firebase functions:log"
  },
  "engines": {
    "node": "18"
  },
  "main": "lib/index.js",
  "dependencies": {
    "firebase-admin": "^11.8.0",
    "firebase-functions": "^4.3.1"
  },
  "devDependencies": {
    "typescript": "^4.9.0",
    "firebase-functions-test": "^3.1.0"
  },
  "private": true
}
[debug] [2023-10-17T13:01:33.921Z] Building nodejs source
[debug] [2023-10-17T13:01:33.921Z] Failed to find version of module node: reached end of search path F:\Codes\Git-Hub\SzakDoga\cooplearn\functions\node_modules
[info] +  functions: Using node@18 from host. 
[debug] [2023-10-17T13:01:33.923Z] Could not find functions.yaml. Must use http discovery
[debug] [2023-10-17T13:01:33.931Z] Found firebase-functions binary at 'F:\Codes\Git-Hub\SzakDoga\cooplearn\functions\node_modules\.bin\firebase-functions'
[info] Serving at port 8688

[debug] [2023-10-17T13:01:34.611Z] Got response from /__/functions.yaml {"endpoints":{"app":{"platform":"gcfv1","availableMemoryMb":null,"timeoutSeconds":null,"minInstances":null,"maxInstances":null,"ingressSettings":null,"serviceAccountEmail":null,"vpc":null,"httpsTrigger":{},"entryPoint":"app"}},"specVersion":"v1alpha1","requiredAPIs":[]}
[info] shutdown requested via /__/quitquitquit

[info] +  functions: Loaded functions definitions from source: app. {"metadata":{"emulator":{"name":"functions"},"message":"Loaded functions definitions from source: app."}}
[debug] [2023-10-17T13:01:34.628Z] [worker-pool] Shutting down IDLE worker (us-central1-app) {"metadata":{"emulator":{"name":"functions"},"message":"[worker-pool] Shutting down IDLE worker (us-central1-app)"}}
[debug] [2023-10-17T13:01:34.628Z] [worker-us-central1-app-a750b63a-9ebe-4975-b517-558aeda3ef45]: FINISHING {"metadata":{"emulator":{"name":"functions"},"function":{"name":"us-central1-app"},"extension":{},"message":"[worker-us-central1-app-a750b63a-9ebe-4975-b517-558aeda3ef45]: FINISHING"}}
[debug] [2023-10-17T13:01:34.637Z] [worker-us-central1-app-a750b63a-9ebe-4975-b517-558aeda3ef45]: exited {"metadata":{"emulator":{"name":"functions"},"function":{"name":"us-central1-app"},"extension":{},"message":"[worker-us-central1-app-a750b63a-9ebe-4975-b517-558aeda3ef45]: exited"}}
[debug] [2023-10-17T13:01:34.637Z] [worker-us-central1-app-a750b63a-9ebe-4975-b517-558aeda3ef45]: FINISHED {"metadata":{"emulator":{"name":"functions"},"function":{"name":"us-central1-app"},"extension":{},"message":"[worker-us-central1-app-a750b63a-9ebe-4975-b517-558aeda3ef45]: FINISHED"}}
